[0.022s] Invoking command in '/home/macar/ros2/build/custom_bag_analysis': CMAKE_PREFIX_PATH=/opt/ros/iron /usr/bin/cmake --build /home/macar/ros2/build/custom_bag_analysis -- -j12 -l12
[0.130s] [35m[1mConsolidate compiler generated dependencies of target bag_analyzer[0m
[0.193s] [ 50%] [32mBuilding CXX object CMakeFiles/bag_analyzer.dir/src/bag_analyzer.cpp.o[0m
[4.352s] [01m[K/home/macar/ros2/src/custom_bag_analysis/src/bag_analyzer.cpp:51:23:[m[K [01;31m[Kerror: [m[Kâ€˜[01m[Kzed[m[Kâ€™ was not declared in this scope
[4.352s]    51 |     rclcpp::Publisher<[01;31m[Kzed[m[K::msg::Imu>::SharedPtr publisher_;
[4.352s]       |                       [01;31m[K^~~[m[K
[4.353s] [01m[K/home/macar/ros2/src/custom_bag_analysis/src/bag_analyzer.cpp:51:36:[m[K [01;31m[Kerror: [m[Ktemplate argument 1 is invalid
[4.353s]    51 |     rclcpp::Publisher<zed::msg::Imu[01;31m[K>[m[K::SharedPtr publisher_;
[4.353s]       |                                    [01;31m[K^[m[K
[4.353s] [01m[K/home/macar/ros2/src/custom_bag_analysis/src/bag_analyzer.cpp:51:39:[m[K [01;31m[Kerror: [m[Kexpected â€˜[01m[K;[m[Kâ€™ at end of member declaration
[4.353s]    51 |     rclcpp::Publisher<zed::msg::Imu>::[01;31m[KSharedPtr[m[K publisher_;
[4.354s]       |                                       [01;31m[K^~~~~~~~~[m[K
[4.354s]       |                                                [32m[K;[m[K
[4.355s] [01m[K/home/macar/ros2/src/custom_bag_analysis/src/bag_analyzer.cpp:51:49:[m[K [01;31m[Kerror: [m[Kâ€˜[01m[Kpublisher_[m[Kâ€™ does not name a type; did you mean â€˜[01m[Krmw_publisher_t[m[Kâ€™?
[4.355s]    51 |     rclcpp::Publisher<zed::msg::Imu>::SharedPtr [01;31m[Kpublisher_[m[K;
[4.355s]       |                                                 [01;31m[K^~~~~~~~~~[m[K
[4.355s]       |                                                 [32m[Krmw_publisher_t[m[K
[4.361s] [01m[K/home/macar/ros2/src/custom_bag_analysis/src/bag_analyzer.cpp:53:27:[m[K [01;31m[Kerror: [m[Kâ€˜[01m[Kzed[m[Kâ€™ was not declared in this scope
[4.361s]    53 |     rclcpp::Serialization<[01;31m[Kzed[m[K::msg::Imu> serialization_;
[4.361s]       |                           [01;31m[K^~~[m[K
[4.362s] [01m[K/home/macar/ros2/src/custom_bag_analysis/src/bag_analyzer.cpp:53:40:[m[K [01;31m[Kerror: [m[Ktemplate argument 1 is invalid
[4.362s]    53 |     rclcpp::Serialization<zed::msg::Imu[01;31m[K>[m[K serialization_;
[4.362s]       |                                        [01;31m[K^[m[K
[4.369s] [01m[K/home/macar/ros2/src/custom_bag_analysis/src/bag_analyzer.cpp:55:2:[m[K [01;31m[Kerror: [m[Kexpected â€˜[01m[K;[m[Kâ€™ after class definition
[4.369s]    55 | }
[4.369s]       |  [01;31m[K^[m[K
[4.369s]       |  [32m[K;[m[K
[4.377s] [01m[K/home/macar/ros2/src/custom_bag_analysis/src/bag_analyzer.cpp:[m[K In constructor â€˜[01m[KPlaybackNode::PlaybackNode(const string&)[m[Kâ€™:
[4.377s] [01m[K/home/macar/ros2/src/custom_bag_analysis/src/bag_analyzer.cpp:21:7:[m[K [01;31m[Kerror: [m[Kâ€˜[01m[Kpublisher_[m[Kâ€™ was not declared in this scope; did you mean â€˜[01m[Krmw_publisher_t[m[Kâ€™?
[4.378s]    21 |       [01;31m[Kpublisher_[m[K = this->create_publisher<sensor_msgs::msg::Imu>("sensor_msgs/msg/Imu", 10);
[4.378s]       |       [01;31m[K^~~~~~~~~~[m[K
[4.378s]       |       [32m[Krmw_publisher_t[m[K
[4.395s] [01m[K/home/macar/ros2/src/custom_bag_analysis/src/bag_analyzer.cpp:[m[K In member function â€˜[01m[Kvoid PlaybackNode::timer_callback()[m[Kâ€™:
[4.395s] [01m[K/home/macar/ros2/src/custom_bag_analysis/src/bag_analyzer.cpp:33:71:[m[K [01;31m[Kerror: [m[Kâ€˜[01m[Kclass rosbag2_cpp::Reader[m[Kâ€™ has no member named â€˜[01m[Knext[m[Kâ€™
[4.395s]    33 |   rosbag2_storage::SerializedBagMessageSharedPtr msg = reader_->[01;31m[Knext[m[K();
[4.395s]       |                                                                 [01;31m[K^~~~[m[K
[4.395s] 
[4.395s] [01m[K/home/macar/ros2/src/custom_bag_analysis/src/bag_analyzer.cpp:40:9:[m[K [01;31m[Kerror: [m[Kâ€˜[01m[Kzed[m[Kâ€™ has not been declared
[4.396s]    40 |         [01;31m[Kzed[m[K::msg::Imu::SharedPtr ros_msg = std::make_shared<zed::msg::Imu>();
[4.396s]       |         [01;31m[K^~~[m[K
[4.396s] [01m[K/home/macar/ros2/src/custom_bag_analysis/src/bag_analyzer.cpp:42:24:[m[K [01;31m[Kerror: [m[Krequest for member â€˜[01m[Kdeserialize_message[m[Kâ€™ in â€˜[01m[K((PlaybackNode*)this)->PlaybackNode::serialization_[m[Kâ€™, which is of non-class type â€˜[01m[Kint[m[Kâ€™
[4.396s]    42 |         serialization_.[01;31m[Kdeserialize_message[m[K(&serialized_msg, ros_msg.get());
[4.396s]       |                        [01;31m[K^~~~~~~~~~~~~~~~~~~[m[K
[4.403s] [01m[K/home/macar/ros2/src/custom_bag_analysis/src/bag_analyzer.cpp:42:61:[m[K [01;31m[Kerror: [m[Kâ€˜[01m[Kros_msg[m[Kâ€™ was not declared in this scope
[4.403s]    42 |         serialization_.deserialize_message(&serialized_msg, [01;31m[Kros_msg[m[K.get());
[4.403s]       |                                                             [01;31m[K^~~~~~~[m[K
[4.411s] [01m[K/home/macar/ros2/src/custom_bag_analysis/src/bag_analyzer.cpp:44:9:[m[K [01;31m[Kerror: [m[Kâ€˜[01m[Kpublisher_[m[Kâ€™ was not declared in this scope; did you mean â€˜[01m[Krmw_publisher_t[m[Kâ€™?
[4.411s]    44 |         [01;31m[Kpublisher_[m[K->publish(*ros_msg);
[4.411s]       |         [01;31m[K^~~~~~~~~~[m[K
[4.411s]       |         [32m[Krmw_publisher_t[m[K
[5.493s] gmake[2]: *** [CMakeFiles/bag_analyzer.dir/build.make:76: CMakeFiles/bag_analyzer.dir/src/bag_analyzer.cpp.o] Error 1
[5.494s] gmake[1]: *** [CMakeFiles/Makefile2:137: CMakeFiles/bag_analyzer.dir/all] Error 2
[5.495s] gmake: *** [Makefile:146: all] Error 2
[5.499s] Invoked command in '/home/macar/ros2/build/custom_bag_analysis' returned '2': CMAKE_PREFIX_PATH=/opt/ros/iron /usr/bin/cmake --build /home/macar/ros2/build/custom_bag_analysis -- -j12 -l12
