[01m[K/home/macar/ros2/src/bag_analysis/src/analyzing_bag.cpp:[m[K In function â€˜[01m[Kint main(int, char**)[m[Kâ€™:
[01m[K/home/macar/ros2/src/bag_analysis/src/analyzing_bag.cpp:14:9:[m[K [01;31m[Kerror: [m[Kâ€˜[01m[Kstring[m[Kâ€™ was not declared in this scope
   14 |     std:[01;31m[Kstring[m[K temp = argv[1];
      |         [01;31m[K^~~~~~[m[K
[01m[K/home/macar/ros2/src/bag_analysis/src/analyzing_bag.cpp:14:9:[m[K [01;36m[Knote: [m[Ksuggested alternatives:
In file included from [01m[K/usr/include/c++/11/iosfwd:39[m[K,
                 from [01m[K/usr/include/c++/11/ios:38[m[K,
                 from [01m[K/usr/include/c++/11/ostream:38[m[K,
                 from [01m[K/usr/include/c++/11/iostream:39[m[K,
                 from [01m[K/home/macar/ros2/src/bag_analysis/src/analyzing_bag.cpp:1[m[K:
[01m[K/usr/include/c++/11/bits/stringfwd.h:79:33:[m[K [01;36m[Knote: [m[K  â€˜[01m[Kstd::string[m[Kâ€™
   79 |   typedef basic_string<char>    [01;36m[Kstring[m[K;
      |                                 [01;36m[K^~~~~~[m[K
In file included from [01m[K/usr/include/c++/11/bits/locale_classes.h:40[m[K,
                 from [01m[K/usr/include/c++/11/bits/ios_base.h:41[m[K,
                 from [01m[K/usr/include/c++/11/ios:42[m[K,
                 from [01m[K/usr/include/c++/11/ostream:38[m[K,
                 from [01m[K/usr/include/c++/11/iostream:39[m[K,
                 from [01m[K/home/macar/ros2/src/bag_analysis/src/analyzing_bag.cpp:1[m[K:
[01m[K/usr/include/c++/11/string:67:11:[m[K [01;36m[Knote: [m[K  â€˜[01m[Kstd::pmr::string[m[Kâ€™
   67 |     using [01;36m[Kstring[m[K    = basic_string<char>;
      |           [01;36m[K^~~~~~[m[K
[01m[K/home/macar/ros2/src/bag_analysis/src/analyzing_bag.cpp:17:47:[m[K [01;31m[Kerror: [m[Kâ€˜[01m[Ktemp[m[Kâ€™ was not declared in this scope; did you mean â€˜[01m[Ktm[m[Kâ€™?
   17 |         std::cerr << "Usage: analyze_bag " << [01;31m[Ktemp[m[K << std::endl;
      |                                               [01;31m[K^~~~[m[K
      |                                               [32m[Ktm[m[K
[01m[K/home/macar/ros2/src/bag_analysis/src/analyzing_bag.cpp:14:5:[m[K [01;35m[Kwarning: [m[Klabel â€˜[01m[Kstd[m[Kâ€™ defined but not used [[01;35m[K]8;;https://gcc.gnu.org/onlinedocs/gcc/Warning-Options.html#index-Wunused-label-Wunused-label]8;;[m[K]
   14 |     [01;35m[Kstd[m[K:string temp = argv[1];
      |     [01;35m[K^~~[m[K
gmake[2]: *** [CMakeFiles/analyzing_bag.dir/build.make:76: CMakeFiles/analyzing_bag.dir/src/analyzing_bag.cpp.o] Error 1
gmake[1]: *** [CMakeFiles/Makefile2:137: CMakeFiles/analyzing_bag.dir/all] Error 2
gmake: *** [Makefile:146: all] Error 2
