[0.010s] Invoking command in '/home/macar/ros2/build/bag_analysis': CMAKE_PREFIX_PATH=/opt/ros/iron /usr/bin/cmake --build /home/macar/ros2/build/bag_analysis -- -j12 -l12
[0.036s] -- Found ament_cmake: 2.0.6 (/opt/ros/iron/share/ament_cmake/cmake)
[0.161s] -- Override CMake install command with custom implementation using symlinks instead of copying resources
[0.168s] -- Found rclcpp: 21.0.7 (/opt/ros/iron/share/rclcpp/cmake)
[0.194s] -- Found rosidl_generator_c: 4.0.1 (/opt/ros/iron/share/rosidl_generator_c/cmake)
[0.201s] -- Found rosidl_generator_cpp: 4.0.1 (/opt/ros/iron/share/rosidl_generator_cpp/cmake)
[0.213s] -- Using all available rosidl_typesupport_c: rosidl_typesupport_fastrtps_c;rosidl_typesupport_introspection_c
[0.227s] -- Using all available rosidl_typesupport_cpp: rosidl_typesupport_fastrtps_cpp;rosidl_typesupport_introspection_cpp
[0.369s] -- Found rmw_implementation_cmake: 7.1.0 (/opt/ros/iron/share/rmw_implementation_cmake/cmake)
[0.370s] -- Found rmw_fastrtps_cpp: 7.1.4 (/opt/ros/iron/share/rmw_fastrtps_cpp/cmake)
[0.492s] -- Using RMW implementation 'rmw_fastrtps_cpp' as default
[0.647s] -- Found rosbag2_cpp: 0.22.7 (/opt/ros/iron/share/rosbag2_cpp/cmake)
[0.674s] -- Found sensor_msgs: 5.0.1 (/opt/ros/iron/share/sensor_msgs/cmake)
[0.867s] -- Found ament_lint_auto: 0.14.4 (/opt/ros/iron/share/ament_lint_auto/cmake)
[0.928s] -- Added test 'cppcheck' to perform static code analysis on C / C++ code
[0.928s] -- Configured cppcheck include dirs: 
[0.928s] -- Configured cppcheck exclude dirs and/or files: 
[0.928s] -- Added test 'lint_cmake' to check CMake code style
[0.929s] -- Added test 'uncrustify' to check C / C++ code style
[0.929s] -- Configured uncrustify additional arguments: 
[0.929s] -- Added test 'xmllint' to check XML markup files
[0.930s] -- Configuring done
[0.941s] -- Generating done
[0.943s] -- Build files have been written to: /home/macar/ros2/build/bag_analysis
[0.981s] [ 50%] [32mBuilding CXX object CMakeFiles/analyzing_bag.dir/src/analyzing_bag.cpp.o[0m
[1.787s] [01m[K/home/macar/ros2/src/bag_analysis/src/analyzing_bag.cpp:[m[K In function â€˜[01m[Kint main(int, char**)[m[Kâ€™:
[1.787s] [01m[K/home/macar/ros2/src/bag_analysis/src/analyzing_bag.cpp:14:9:[m[K [01;31m[Kerror: [m[Kâ€˜[01m[Kstring[m[Kâ€™ was not declared in this scope
[1.787s]    14 |     std:[01;31m[Kstring[m[K temp = argv[1];
[1.787s]       |         [01;31m[K^~~~~~[m[K
[1.788s] [01m[K/home/macar/ros2/src/bag_analysis/src/analyzing_bag.cpp:14:9:[m[K [01;36m[Knote: [m[Ksuggested alternatives:
[1.788s] In file included from [01m[K/usr/include/c++/11/iosfwd:39[m[K,
[1.788s]                  from [01m[K/usr/include/c++/11/ios:38[m[K,
[1.788s]                  from [01m[K/usr/include/c++/11/ostream:38[m[K,
[1.788s]                  from [01m[K/usr/include/c++/11/iostream:39[m[K,
[1.788s]                  from [01m[K/home/macar/ros2/src/bag_analysis/src/analyzing_bag.cpp:1[m[K:
[1.788s] [01m[K/usr/include/c++/11/bits/stringfwd.h:79:33:[m[K [01;36m[Knote: [m[K  â€˜[01m[Kstd::string[m[Kâ€™
[1.788s]    79 |   typedef basic_string<char>    [01;36m[Kstring[m[K;
[1.788s]       |                                 [01;36m[K^~~~~~[m[K
[1.788s] In file included from [01m[K/usr/include/c++/11/bits/locale_classes.h:40[m[K,
[1.788s]                  from [01m[K/usr/include/c++/11/bits/ios_base.h:41[m[K,
[1.788s]                  from [01m[K/usr/include/c++/11/ios:42[m[K,
[1.788s]                  from [01m[K/usr/include/c++/11/ostream:38[m[K,
[1.788s]                  from [01m[K/usr/include/c++/11/iostream:39[m[K,
[1.788s]                  from [01m[K/home/macar/ros2/src/bag_analysis/src/analyzing_bag.cpp:1[m[K:
[1.788s] [01m[K/usr/include/c++/11/string:67:11:[m[K [01;36m[Knote: [m[K  â€˜[01m[Kstd::pmr::string[m[Kâ€™
[1.789s]    67 |     using [01;36m[Kstring[m[K    = basic_string<char>;
[1.789s]       |           [01;36m[K^~~~~~[m[K
[1.789s] [01m[K/home/macar/ros2/src/bag_analysis/src/analyzing_bag.cpp:17:47:[m[K [01;31m[Kerror: [m[Kâ€˜[01m[Ktemp[m[Kâ€™ was not declared in this scope; did you mean â€˜[01m[Ktm[m[Kâ€™?
[1.789s]    17 |         std::cerr << "Usage: analyze_bag " << [01;31m[Ktemp[m[K << std::endl;
[1.789s]       |                                               [01;31m[K^~~~[m[K
[1.789s]       |                                               [32m[Ktm[m[K
[1.794s] [01m[K/home/macar/ros2/src/bag_analysis/src/analyzing_bag.cpp:14:5:[m[K [01;35m[Kwarning: [m[Klabel â€˜[01m[Kstd[m[Kâ€™ defined but not used [[01;35m[K]8;;https://gcc.gnu.org/onlinedocs/gcc/Warning-Options.html#index-Wunused-label-Wunused-label]8;;[m[K]
[1.794s]    14 |     [01;35m[Kstd[m[K:string temp = argv[1];
[1.794s]       |     [01;35m[K^~~[m[K
[2.059s] gmake[2]: *** [CMakeFiles/analyzing_bag.dir/build.make:76: CMakeFiles/analyzing_bag.dir/src/analyzing_bag.cpp.o] Error 1
[2.059s] gmake[1]: *** [CMakeFiles/Makefile2:137: CMakeFiles/analyzing_bag.dir/all] Error 2
[2.059s] gmake: *** [Makefile:146: all] Error 2
[2.063s] Invoked command in '/home/macar/ros2/build/bag_analysis' returned '2': CMAKE_PREFIX_PATH=/opt/ros/iron /usr/bin/cmake --build /home/macar/ros2/build/bag_analysis -- -j12 -l12
