[01m[K/home/macar/ros2/src/custom_bag_analysis/src/bag_analyzer.cpp:51:23:[m[K [01;31m[Kerror: [m[Kâ€˜[01m[Kzed[m[Kâ€™ was not declared in this scope
   51 |     rclcpp::Publisher<[01;31m[Kzed[m[K::msg::Imu>::SharedPtr publisher_;
      |                       [01;31m[K^~~[m[K
[01m[K/home/macar/ros2/src/custom_bag_analysis/src/bag_analyzer.cpp:51:36:[m[K [01;31m[Kerror: [m[Ktemplate argument 1 is invalid
   51 |     rclcpp::Publisher<zed::msg::Imu[01;31m[K>[m[K::SharedPtr publisher_;
      |                                    [01;31m[K^[m[K
[01m[K/home/macar/ros2/src/custom_bag_analysis/src/bag_analyzer.cpp:51:39:[m[K [01;31m[Kerror: [m[Kexpected â€˜[01m[K;[m[Kâ€™ at end of member declaration
   51 |     rclcpp::Publisher<zed::msg::Imu>::[01;31m[KSharedPtr[m[K publisher_;
      |                                       [01;31m[K^~~~~~~~~[m[K
      |                                                [32m[K;[m[K
[01m[K/home/macar/ros2/src/custom_bag_analysis/src/bag_analyzer.cpp:51:49:[m[K [01;31m[Kerror: [m[Kâ€˜[01m[Kpublisher_[m[Kâ€™ does not name a type; did you mean â€˜[01m[Krmw_publisher_t[m[Kâ€™?
   51 |     rclcpp::Publisher<zed::msg::Imu>::SharedPtr [01;31m[Kpublisher_[m[K;
      |                                                 [01;31m[K^~~~~~~~~~[m[K
      |                                                 [32m[Krmw_publisher_t[m[K
[01m[K/home/macar/ros2/src/custom_bag_analysis/src/bag_analyzer.cpp:53:27:[m[K [01;31m[Kerror: [m[Kâ€˜[01m[Kzed[m[Kâ€™ was not declared in this scope
   53 |     rclcpp::Serialization<[01;31m[Kzed[m[K::msg::Imu> serialization_;
      |                           [01;31m[K^~~[m[K
[01m[K/home/macar/ros2/src/custom_bag_analysis/src/bag_analyzer.cpp:53:40:[m[K [01;31m[Kerror: [m[Ktemplate argument 1 is invalid
   53 |     rclcpp::Serialization<zed::msg::Imu[01;31m[K>[m[K serialization_;
      |                                        [01;31m[K^[m[K
[01m[K/home/macar/ros2/src/custom_bag_analysis/src/bag_analyzer.cpp:55:2:[m[K [01;31m[Kerror: [m[Kexpected â€˜[01m[K;[m[Kâ€™ after class definition
   55 | }
      |  [01;31m[K^[m[K
      |  [32m[K;[m[K
[01m[K/home/macar/ros2/src/custom_bag_analysis/src/bag_analyzer.cpp:[m[K In constructor â€˜[01m[KPlaybackNode::PlaybackNode(const string&)[m[Kâ€™:
[01m[K/home/macar/ros2/src/custom_bag_analysis/src/bag_analyzer.cpp:21:7:[m[K [01;31m[Kerror: [m[Kâ€˜[01m[Kpublisher_[m[Kâ€™ was not declared in this scope; did you mean â€˜[01m[Krmw_publisher_t[m[Kâ€™?
   21 |       [01;31m[Kpublisher_[m[K = this->create_publisher<sensor_msgs::msg::Imu>("sensor_msgs/msg/Imu", 10);
      |       [01;31m[K^~~~~~~~~~[m[K
      |       [32m[Krmw_publisher_t[m[K
[01m[K/home/macar/ros2/src/custom_bag_analysis/src/bag_analyzer.cpp:[m[K In member function â€˜[01m[Kvoid PlaybackNode::timer_callback()[m[Kâ€™:
[01m[K/home/macar/ros2/src/custom_bag_analysis/src/bag_analyzer.cpp:33:71:[m[K [01;31m[Kerror: [m[Kâ€˜[01m[Kclass rosbag2_cpp::Reader[m[Kâ€™ has no member named â€˜[01m[Knext[m[Kâ€™
   33 |   rosbag2_storage::SerializedBagMessageSharedPtr msg = reader_->[01;31m[Knext[m[K();
      |                                                                 [01;31m[K^~~~[m[K

[01m[K/home/macar/ros2/src/custom_bag_analysis/src/bag_analyzer.cpp:40:9:[m[K [01;31m[Kerror: [m[Kâ€˜[01m[Kzed[m[Kâ€™ has not been declared
   40 |         [01;31m[Kzed[m[K::msg::Imu::SharedPtr ros_msg = std::make_shared<zed::msg::Imu>();
      |         [01;31m[K^~~[m[K
[01m[K/home/macar/ros2/src/custom_bag_analysis/src/bag_analyzer.cpp:42:24:[m[K [01;31m[Kerror: [m[Krequest for member â€˜[01m[Kdeserialize_message[m[Kâ€™ in â€˜[01m[K((PlaybackNode*)this)->PlaybackNode::serialization_[m[Kâ€™, which is of non-class type â€˜[01m[Kint[m[Kâ€™
   42 |         serialization_.[01;31m[Kdeserialize_message[m[K(&serialized_msg, ros_msg.get());
      |                        [01;31m[K^~~~~~~~~~~~~~~~~~~[m[K
[01m[K/home/macar/ros2/src/custom_bag_analysis/src/bag_analyzer.cpp:42:61:[m[K [01;31m[Kerror: [m[Kâ€˜[01m[Kros_msg[m[Kâ€™ was not declared in this scope
   42 |         serialization_.deserialize_message(&serialized_msg, [01;31m[Kros_msg[m[K.get());
      |                                                             [01;31m[K^~~~~~~[m[K
[01m[K/home/macar/ros2/src/custom_bag_analysis/src/bag_analyzer.cpp:44:9:[m[K [01;31m[Kerror: [m[Kâ€˜[01m[Kpublisher_[m[Kâ€™ was not declared in this scope; did you mean â€˜[01m[Krmw_publisher_t[m[Kâ€™?
   44 |         [01;31m[Kpublisher_[m[K->publish(*ros_msg);
      |         [01;31m[K^~~~~~~~~~[m[K
      |         [32m[Krmw_publisher_t[m[K
gmake[2]: *** [CMakeFiles/bag_analyzer.dir/build.make:76: CMakeFiles/bag_analyzer.dir/src/bag_analyzer.cpp.o] Error 1
gmake[1]: *** [CMakeFiles/Makefile2:137: CMakeFiles/bag_analyzer.dir/all] Error 2
gmake: *** [Makefile:146: all] Error 2
