[0.013s] Invoking command in '/home/macar/ros2/build/custom_bag_analysis': CMAKE_PREFIX_PATH=/opt/ros/iron /usr/bin/cmake --build /home/macar/ros2/build/custom_bag_analysis -- -j12 -l12
[0.059s] [35m[1mConsolidate compiler generated dependencies of target bag_analyzer[0m
[0.081s] [ 50%] [32mBuilding CXX object CMakeFiles/bag_analyzer.dir/src/bag_analyzer.cpp.o[0m
[2.956s] [01m[K/home/macar/ros2/src/custom_bag_analysis/src/bag_analyzer.cpp:51:23:[m[K [01;31m[Kerror: [m[Kâ€˜[01m[Kzed[m[Kâ€™ was not declared in this scope
[2.956s]    51 |     rclcpp::Publisher<[01;31m[Kzed[m[K::msg::Imu>::SharedPtr publisher_;
[2.956s]       |                       [01;31m[K^~~[m[K
[2.956s] [01m[K/home/macar/ros2/src/custom_bag_analysis/src/bag_analyzer.cpp:51:36:[m[K [01;31m[Kerror: [m[Ktemplate argument 1 is invalid
[2.956s]    51 |     rclcpp::Publisher<zed::msg::Imu[01;31m[K>[m[K::SharedPtr publisher_;
[2.956s]       |                                    [01;31m[K^[m[K
[2.956s] [01m[K/home/macar/ros2/src/custom_bag_analysis/src/bag_analyzer.cpp:51:39:[m[K [01;31m[Kerror: [m[Kexpected â€˜[01m[K;[m[Kâ€™ at end of member declaration
[2.956s]    51 |     rclcpp::Publisher<zed::msg::Imu>::[01;31m[KSharedPtr[m[K publisher_;
[2.957s]       |                                       [01;31m[K^~~~~~~~~[m[K
[2.957s]       |                                                [32m[K;[m[K
[2.958s] [01m[K/home/macar/ros2/src/custom_bag_analysis/src/bag_analyzer.cpp:51:49:[m[K [01;31m[Kerror: [m[Kâ€˜[01m[Kpublisher_[m[Kâ€™ does not name a type; did you mean â€˜[01m[Krmw_publisher_t[m[Kâ€™?
[2.958s]    51 |     rclcpp::Publisher<zed::msg::Imu>::SharedPtr [01;31m[Kpublisher_[m[K;
[2.958s]       |                                                 [01;31m[K^~~~~~~~~~[m[K
[2.958s]       |                                                 [32m[Krmw_publisher_t[m[K
[2.962s] [01m[K/home/macar/ros2/src/custom_bag_analysis/src/bag_analyzer.cpp:53:27:[m[K [01;31m[Kerror: [m[Kâ€˜[01m[Kzed[m[Kâ€™ was not declared in this scope
[2.963s]    53 |     rclcpp::Serialization<[01;31m[Kzed[m[K::msg::Imu> serialization_;
[2.963s]       |                           [01;31m[K^~~[m[K
[2.963s] [01m[K/home/macar/ros2/src/custom_bag_analysis/src/bag_analyzer.cpp:53:40:[m[K [01;31m[Kerror: [m[Ktemplate argument 1 is invalid
[2.963s]    53 |     rclcpp::Serialization<zed::msg::Imu[01;31m[K>[m[K serialization_;
[2.963s]       |                                        [01;31m[K^[m[K
[2.968s] [01m[K/home/macar/ros2/src/custom_bag_analysis/src/bag_analyzer.cpp:55:2:[m[K [01;31m[Kerror: [m[Kexpected â€˜[01m[K;[m[Kâ€™ after class definition
[2.968s]    55 | }
[2.969s]       |  [01;31m[K^[m[K
[2.969s]       |  [32m[K;[m[K
[2.974s] [01m[K/home/macar/ros2/src/custom_bag_analysis/src/bag_analyzer.cpp:[m[K In constructor â€˜[01m[KPlaybackNode::PlaybackNode(const string&)[m[Kâ€™:
[2.975s] [01m[K/home/macar/ros2/src/custom_bag_analysis/src/bag_analyzer.cpp:21:7:[m[K [01;31m[Kerror: [m[Kâ€˜[01m[Kpublisher_[m[Kâ€™ was not declared in this scope; did you mean â€˜[01m[Krmw_publisher_t[m[Kâ€™?
[2.975s]    21 |       [01;31m[Kpublisher_[m[K = this->create_publisher<sensor_msgs::msg::Imu>("sensor_msgs/msg/Imu", 10);
[2.975s]       |       [01;31m[K^~~~~~~~~~[m[K
[2.975s]       |       [32m[Krmw_publisher_t[m[K
[2.988s] [01m[K/home/macar/ros2/src/custom_bag_analysis/src/bag_analyzer.cpp:[m[K In member function â€˜[01m[Kvoid PlaybackNode::timer_callback()[m[Kâ€™:
[2.988s] [01m[K/home/macar/ros2/src/custom_bag_analysis/src/bag_analyzer.cpp:33:71:[m[K [01;31m[Kerror: [m[Kâ€˜[01m[Kclass rosbag2_cpp::Reader[m[Kâ€™ has no member named â€˜[01m[Knext[m[Kâ€™
[2.988s]    33 |   rosbag2_storage::SerializedBagMessageSharedPtr msg = reader_->[01;31m[Knext[m[K();
[2.988s]       |                                                                 [01;31m[K^~~~[m[K
[2.988s] 
[2.988s] [01m[K/home/macar/ros2/src/custom_bag_analysis/src/bag_analyzer.cpp:40:9:[m[K [01;31m[Kerror: [m[Kâ€˜[01m[Kzed[m[Kâ€™ has not been declared
[2.988s]    40 |         [01;31m[Kzed[m[K::msg::Imu::SharedPtr ros_msg = std::make_shared<zed::msg::Imu>();
[2.988s]       |         [01;31m[K^~~[m[K
[2.988s] [01m[K/home/macar/ros2/src/custom_bag_analysis/src/bag_analyzer.cpp:42:24:[m[K [01;31m[Kerror: [m[Krequest for member â€˜[01m[Kdeserialize_message[m[Kâ€™ in â€˜[01m[K((PlaybackNode*)this)->PlaybackNode::serialization_[m[Kâ€™, which is of non-class type â€˜[01m[Kint[m[Kâ€™
[2.988s]    42 |         serialization_.[01;31m[Kdeserialize_message[m[K(&serialized_msg, ros_msg.get());
[2.988s]       |                        [01;31m[K^~~~~~~~~~~~~~~~~~~[m[K
[2.994s] [01m[K/home/macar/ros2/src/custom_bag_analysis/src/bag_analyzer.cpp:42:61:[m[K [01;31m[Kerror: [m[Kâ€˜[01m[Kros_msg[m[Kâ€™ was not declared in this scope
[2.994s]    42 |         serialization_.deserialize_message(&serialized_msg, [01;31m[Kros_msg[m[K.get());
[2.994s]       |                                                             [01;31m[K^~~~~~~[m[K
[3.000s] [01m[K/home/macar/ros2/src/custom_bag_analysis/src/bag_analyzer.cpp:44:9:[m[K [01;31m[Kerror: [m[Kâ€˜[01m[Kpublisher_[m[Kâ€™ was not declared in this scope; did you mean â€˜[01m[Krmw_publisher_t[m[Kâ€™?
[3.000s]    44 |         [01;31m[Kpublisher_[m[K->publish(*ros_msg);
[3.000s]       |         [01;31m[K^~~~~~~~~~[m[K
[3.000s]       |         [32m[Krmw_publisher_t[m[K
[3.814s] gmake[2]: *** [CMakeFiles/bag_analyzer.dir/build.make:76: CMakeFiles/bag_analyzer.dir/src/bag_analyzer.cpp.o] Error 1
[3.814s] gmake[1]: *** [CMakeFiles/Makefile2:137: CMakeFiles/bag_analyzer.dir/all] Error 2
[3.814s] gmake: *** [Makefile:146: all] Error 2
[3.817s] Invoked command in '/home/macar/ros2/build/custom_bag_analysis' returned '2': CMAKE_PREFIX_PATH=/opt/ros/iron /usr/bin/cmake --build /home/macar/ros2/build/custom_bag_analysis -- -j12 -l12
