[0.011s] Invoking command in '/home/macar/ros2/build/custom_bag_analysis': CMAKE_PREFIX_PATH=/opt/ros/iron /usr/bin/cmake --build /home/macar/ros2/build/custom_bag_analysis -- -j12 -l12
[0.064s] [ 50%] [32mBuilding CXX object CMakeFiles/bag_analyzer.dir/src/bag_analyzer.cpp.o[0m
[0.403s] [01m[K/home/macar/ros2/src/custom_bag_analysis/src/bag_analyzer.cpp:10:10:[m[K [01;31m[Kfatal error: [m[Ksensor_msgs/msg/Image.hpp: No such file or directory
[0.403s]    10 | #include [01;31m[K"sensor_msgs/msg/Image.hpp"[m[K
[0.403s]       |          [01;31m[K^~~~~~~~~~~~~~~~~~~~~~~~~~~[m[K
[0.403s] compilation terminated.
[0.408s] gmake[2]: *** [CMakeFiles/bag_analyzer.dir/build.make:76: CMakeFiles/bag_analyzer.dir/src/bag_analyzer.cpp.o] Error 1
[0.408s] gmake[1]: *** [CMakeFiles/Makefile2:137: CMakeFiles/bag_analyzer.dir/all] Error 2
[0.409s] gmake: *** [Makefile:146: all] Error 2
[0.411s] Invoked command in '/home/macar/ros2/build/custom_bag_analysis' returned '2': CMAKE_PREFIX_PATH=/opt/ros/iron /usr/bin/cmake --build /home/macar/ros2/build/custom_bag_analysis -- -j12 -l12
