[0.013s] Invoking command in '/home/macar/ros2/build/custom_bag_analysis': CMAKE_PREFIX_PATH=/opt/ros/iron /usr/bin/cmake /home/macar/ros2/src/custom_bag_analysis -DCMAKE_INSTALL_PREFIX=/home/macar/ros2/install/custom_bag_analysis
[0.024s] -- Found ament_cmake: 2.0.6 (/opt/ros/iron/share/ament_cmake/cmake)
[0.153s] -- Found rclcpp: 21.0.7 (/opt/ros/iron/share/rclcpp/cmake)
[0.179s] -- Found rosidl_generator_c: 4.0.1 (/opt/ros/iron/share/rosidl_generator_c/cmake)
[0.187s] -- Found rosidl_generator_cpp: 4.0.1 (/opt/ros/iron/share/rosidl_generator_cpp/cmake)
[0.198s] -- Using all available rosidl_typesupport_c: rosidl_typesupport_fastrtps_c;rosidl_typesupport_introspection_c
[0.213s] -- Using all available rosidl_typesupport_cpp: rosidl_typesupport_fastrtps_cpp;rosidl_typesupport_introspection_cpp
[0.356s] -- Found rmw_implementation_cmake: 7.1.0 (/opt/ros/iron/share/rmw_implementation_cmake/cmake)
[0.357s] -- Found rmw_fastrtps_cpp: 7.1.4 (/opt/ros/iron/share/rmw_fastrtps_cpp/cmake)
[0.480s] -- Using RMW implementation 'rmw_fastrtps_cpp' as default
[0.634s] -- Found rosbag2_transport: 0.22.7 (/opt/ros/iron/share/rosbag2_transport/cmake)
[0.773s] -- Found sensor_msgs: 5.0.1 (/opt/ros/iron/share/sensor_msgs/cmake)
[0.969s] -- Found ament_lint_auto: 0.14.4 (/opt/ros/iron/share/ament_lint_auto/cmake)
[1.030s] -- Added test 'cppcheck' to perform static code analysis on C / C++ code
[1.030s] -- Configured cppcheck include dirs: 
[1.030s] -- Configured cppcheck exclude dirs and/or files: 
[1.031s] -- Added test 'lint_cmake' to check CMake code style
[1.032s] -- Added test 'uncrustify' to check C / C++ code style
[1.032s] -- Configured uncrustify additional arguments: 
[1.032s] -- Added test 'xmllint' to check XML markup files
[1.033s] -- Configuring done
[1.046s] -- Generating done
[1.047s] -- Build files have been written to: /home/macar/ros2/build/custom_bag_analysis
[1.055s] Invoked command in '/home/macar/ros2/build/custom_bag_analysis' returned '0': CMAKE_PREFIX_PATH=/opt/ros/iron /usr/bin/cmake /home/macar/ros2/src/custom_bag_analysis -DCMAKE_INSTALL_PREFIX=/home/macar/ros2/install/custom_bag_analysis
[1.057s] Invoking command in '/home/macar/ros2/build/custom_bag_analysis': CMAKE_PREFIX_PATH=/opt/ros/iron /usr/bin/cmake --build /home/macar/ros2/build/custom_bag_analysis -- -j12 -l12
[1.111s] [ 50%] [32mBuilding CXX object CMakeFiles/bag_analyzer.dir/src/bag_analyzer.cpp.o[0m
[1.256s] [01m[K/home/macar/ros2/src/custom_bag_analysis/src/bag_analyzer.cpp:7:10:[m[K [01;31m[Kfatal error: [m[Krclpp/rclpp.hpp: No such file or directory
[1.256s]     7 | #include [01;31m[K"rclpp/rclpp.hpp"[m[K
[1.256s]       |          [01;31m[K^~~~~~~~~~~~~~~~~[m[K
[1.256s] compilation terminated.
[1.259s] gmake[2]: *** [CMakeFiles/bag_analyzer.dir/build.make:76: CMakeFiles/bag_analyzer.dir/src/bag_analyzer.cpp.o] Error 1
[1.259s] gmake[1]: *** [CMakeFiles/Makefile2:137: CMakeFiles/bag_analyzer.dir/all] Error 2
[1.259s] gmake: *** [Makefile:146: all] Error 2
[1.262s] Invoked command in '/home/macar/ros2/build/custom_bag_analysis' returned '2': CMAKE_PREFIX_PATH=/opt/ros/iron /usr/bin/cmake --build /home/macar/ros2/build/custom_bag_analysis -- -j12 -l12
