[ 50%] [32mBuilding CXX object CMakeFiles/bag_analyzer.dir/src/bag_analyzer.cpp.o[0m
[01m[K/home/macar/ros2/src/custom_bag_analysis/src/bag_analyzer.cpp:8:10:[m[K [01;31m[Kfatal error: [m[Krclpp/serialization.hpp: No such file or directory
    8 | #include [01;31m[K"rclpp/serialization.hpp"[m[K
      |          [01;31m[K^~~~~~~~~~~~~~~~~~~~~~~~~[m[K
compilation terminated.
gmake[2]: *** [CMakeFiles/bag_analyzer.dir/build.make:76: CMakeFiles/bag_analyzer.dir/src/bag_analyzer.cpp.o] Error 1
gmake[1]: *** [CMakeFiles/Makefile2:137: CMakeFiles/bag_analyzer.dir/all] Error 2
gmake: *** [Makefile:146: all] Error 2
